Android App/build/app/outputs/mapping/release/mapping.txt
# compiler: R8
# compiler_version: 1.5.64
# min_api: 21
# pg_map_id: d77e7cd
...
com.google.firebase.firestore.remote.Datastore$$Lambda$2 -> com.google.firebase.firestore.w0.j:
    java.util.List arg$2 -> b
    com.google.firebase.firestore.remote.Datastore arg$1 -> a
    com.google.android.gms.tasks.Continuation lambdaFactory$(com.google.firebase.firestore.remote.Datastore,java.util.List) -> a
    java.lang.Object then(com.google.android.gms.tasks.Task) -> a
com.google.firebase.firestore.remote.Datastore$1 -> com.google.firebase.firestore.w0.k$a:
    int[] $SwitchMap$com$google$firebase$firestore$FirebaseFirestoreException$Code -> a
com.google.firebase.firestore.remote.ExistenceFilter -> com.google.firebase.firestore.w0.l:
    int count -> a
    int getCount() -> a
com.google.firebase.firestore.remote.FirebaseClientGrpcMetadataProvider -> com.google.firebase.firestore.w0.m:
    io.grpc.Metadata$Key HEART_BEAT_HEADER -> d
    io.grpc.Metadata$Key GMP_APP_ID_HEADER -> f
    io.grpc.Metadata$Key USER_AGENT_HEADER -> e
    com.google.firebase.inject.Provider heartBeatInfoProvider -> a
    com.google.firebase.inject.Provider userAgentPublisherProvider -> b
    com.google.firebase.FirebaseOptions firebaseOptions -> c
    void updateMetadata(io.grpc.Metadata) -> a
    void maybeAddGmpAppId(io.grpc.Metadata) -> b
com.google.firebase.firestore.remote.FirestoreCallCredentials -> com.google.firebase.firestore.w0.p:
    com.google.firebase.firestore.auth.CredentialsProvider credentialsProvider -> a
    io.grpc.Metadata$Key AUTHORIZATION_HEADER -> b
    void applyRequestMetadata(io.grpc.CallCredentials$RequestInfo,java.util.concurrent.Executor,io.grpc.CallCredentials$MetadataApplier) -> a
    void lambda$applyRequestMetadata$0(io.grpc.CallCredentials$MetadataApplier,java.lang.String) -> a
    void lambda$applyRequestMetadata$1(io.grpc.CallCredentials$MetadataApplier,java.lang.Exception) -> a
com.google.firebase.firestore.remote.FirestoreCallCredentials$$Lambda$1 -> com.google.firebase.firestore.w0.n:
    io.grpc.CallCredentials$MetadataApplier arg$1 -> a
    com.google.android.gms.tasks.OnSuccessListener lambdaFactory$(io.grpc.CallCredentials$MetadataApplier) -> a
    void onSuccess(java.lang.Object) -> a
com.google.firebase.firestore.remote.FirestoreCallCredentials$$Lambda$2 -> com.google.firebase.firestore.w0.o:
    io.grpc.CallCredentials$MetadataApplier arg$1 -> a
    com.google.android.gms.tasks.OnFailureListener lambdaFactory$(io.grpc.CallCredentials$MetadataApplier) -> a
    void onFailure(java.lang.Exception) -> a
com.google.firebase.firestore.remote.FirestoreChannel -> com.google.firebase.firestore.w0.t:
    io.grpc.Metadata$Key X_GOOG_API_CLIENT_HEADER -> f
    java.lang.String clientLanguage -> h
    io.grpc.Metadata$Key RESOURCE_PREFIX_HEADER -> g
    com.google.firebase.firestore.remote.GrpcMetadataProvider metadataProvider -> e
    com.google.firebase.firestore.util.AsyncQueue asyncQueue -> a
    com.google.firebase.firestore.remote.GrpcCallProvider callProvider -> c
    com.google.firebase.firestore.auth.CredentialsProvider credentialsProvider -> b
    java.lang.String resourcePrefixValue -> d
    com.google.firebase.firestore.util.AsyncQueue access$000(com.google.firebase.firestore.remote.FirestoreChannel) -> a
    com.google.firebase.firestore.FirebaseFirestoreException access$100(com.google.firebase.firestore.remote.FirestoreChannel,io.grpc.Status) -> a
    com.google.firebase.firestore.FirebaseFirestoreException exceptionFromStatus(io.grpc.Status) -> a
    void invalidateToken() -> a
    void lambda$runBidiStreamingRpc$0(com.google.firebase.firestore.remote.FirestoreChannel,io.grpc.ClientCall[],com.google.firebase.firestore.remote.IncomingStreamObserver,com.google.android.gms.tasks.Task) -> a
    void lambda$runRpc$2(com.google.firebase.firestore.remote.FirestoreChannel,com.google.android.gms.tasks.TaskCompletionSource,java.lang.Object,com.google.android.gms.tasks.Task) -> a